{
  "RSpec": {
    "coverage": {
      "/mnt/c/Users/henri/.vscode/Visual Studio Code/Desafios/librarails/library-app/app/helpers/application_helper.rb": {
        "lines": [
          1,
          null
        ]
      },
      "/mnt/c/Users/henri/.vscode/Visual Studio Code/Desafios/librarails/library-app/app/helpers/authentication_helper.rb": {
        "lines": [
          1,
          null
        ]
      },
      "/mnt/c/Users/henri/.vscode/Visual Studio Code/Desafios/librarails/library-app/app/helpers/institutions_helper.rb": {
        "lines": [
          1,
          null
        ]
      },
      "/mnt/c/Users/henri/.vscode/Visual Studio Code/Desafios/librarails/library-app/app/helpers/materials_helper.rb": {
        "lines": [
          1,
          null
        ]
      },
      "/mnt/c/Users/henri/.vscode/Visual Studio Code/Desafios/librarails/library-app/app/helpers/people_helper.rb": {
        "lines": [
          1,
          null
        ]
      },
      "/mnt/c/Users/henri/.vscode/Visual Studio Code/Desafios/librarails/library-app/app/helpers/users_helper.rb": {
        "lines": [
          1,
          null
        ]
      },
      "/mnt/c/Users/henri/.vscode/Visual Studio Code/Desafios/librarails/library-app/app/models/article.rb": {
        "lines": [
          1,
          null,
          1,
          null,
          1,
          null,
          null,
          null
        ]
      },
      "/mnt/c/Users/henri/.vscode/Visual Studio Code/Desafios/librarails/library-app/app/models/material.rb": {
        "lines": [
          1,
          1,
          1,
          null,
          1,
          null,
          null,
          null,
          null,
          null,
          null,
          1,
          1,
          1,
          1,
          1
        ]
      },
      "/mnt/c/Users/henri/.vscode/Visual Studio Code/Desafios/librarails/library-app/app/models/application_record.rb": {
        "lines": [
          1,
          1,
          null
        ]
      },
      "/mnt/c/Users/henri/.vscode/Visual Studio Code/Desafios/librarails/library-app/app/models/book.rb": {
        "lines": [
          1,
          1,
          null,
          null,
          null,
          null,
          null,
          1,
          null,
          null,
          null,
          null
        ]
      },
      "/mnt/c/Users/henri/.vscode/Visual Studio Code/Desafios/librarails/library-app/app/models/institution.rb": {
        "lines": [
          1,
          1,
          null,
          1,
          1,
          null
        ]
      },
      "/mnt/c/Users/henri/.vscode/Visual Studio Code/Desafios/librarails/library-app/app/models/person.rb": {
        "lines": [
          1,
          null,
          null,
          null,
          1,
          null,
          null,
          1,
          1,
          1,
          null,
          1,
          null,
          1,
          55,
          1,
          null,
          null
        ]
      },
      "/mnt/c/Users/henri/.vscode/Visual Studio Code/Desafios/librarails/library-app/app/models/user.rb": {
        "lines": [
          1,
          1,
          null,
          1,
          null,
          1,
          177
        ]
      },
      "/mnt/c/Users/henri/.vscode/Visual Studio Code/Desafios/librarails/library-app/app/models/video.rb": {
        "lines": [
          1,
          1,
          null,
          null
        ]
      },
      "/mnt/c/Users/henri/.vscode/Visual Studio Code/Desafios/librarails/library-app/app/controllers/authentication_controller.rb": {
        "lines": [
          1,
          1,
          null,
          1,
          3,
          null,
          3,
          null,
          1,
          null,
          null,
          1,
          null,
          null,
          null,
          1,
          null,
          1,
          null,
          2,
          null,
          null,
          null
        ]
      },
      "/mnt/c/Users/henri/.vscode/Visual Studio Code/Desafios/librarails/library-app/app/controllers/application_controller.rb": {
        "lines": [
          1,
          null,
          null,
          null,
          null,
          1,
          null,
          1,
          null,
          1,
          null,
          1,
          null,
          1,
          24,
          null,
          null,
          24,
          null,
          null,
          24,
          null,
          24,
          null,
          17,
          null,
          null,
          7,
          null,
          null,
          null
        ]
      },
      "/mnt/c/Users/henri/.vscode/Visual Studio Code/Desafios/librarails/library-app/app/controllers/institutions_controller.rb": {
        "lines": [
          1,
          null,
          1,
          null,
          null,
          1,
          null,
          null,
          null,
          1,
          1,
          1,
          null,
          null,
          null,
          null,
          null,
          null,
          1,
          1,
          null,
          null,
          null,
          null,
          1,
          2,
          null,
          2,
          1,
          null,
          1,
          null,
          null,
          null,
          null,
          null,
          1,
          1,
          1,
          null,
          0,
          null,
          null,
          null,
          null,
          null,
          1,
          2,
          1,
          null,
          1,
          null,
          null,
          null,
          1,
          null,
          1,
          4,
          null,
          0,
          null,
          null,
          1,
          null,
          3,
          null
        ]
      },
      "/mnt/c/Users/henri/.vscode/Visual Studio Code/Desafios/librarails/library-app/app/controllers/materials_controller.rb": {
        "lines": [
          1,
          null,
          null,
          1,
          null,
          null,
          1,
          null,
          null,
          1,
          null,
          null,
          1,
          null,
          1,
          null,
          1,
          null,
          null,
          null,
          null,
          null,
          null,
          1,
          2,
          2,
          0,
          null,
          null,
          null,
          2,
          null,
          null,
          null,
          null,
          null,
          2,
          null,
          2,
          null,
          null,
          null,
          null,
          null,
          null,
          1,
          null,
          1,
          null,
          null,
          null,
          null,
          1,
          null,
          3,
          null,
          null,
          3,
          null,
          2,
          1,
          null,
          null,
          1,
          1,
          1,
          null,
          null,
          null,
          null,
          null,
          3,
          null,
          null,
          3,
          3,
          null,
          0,
          null,
          null,
          null,
          null,
          1,
          null,
          null,
          1,
          1,
          null,
          0,
          null,
          null,
          null,
          null,
          1,
          null,
          null,
          1,
          1,
          null,
          null,
          1,
          null,
          null,
          1,
          null,
          4,
          null,
          null,
          null,
          null,
          null,
          null,
          null,
          null,
          1,
          5,
          null,
          0,
          null,
          null,
          null,
          1,
          4,
          2,
          null,
          null
        ]
      },
      "/mnt/c/Users/henri/.vscode/Visual Studio Code/Desafios/librarails/library-app/app/services/open_library_service.rb": {
        "lines": [
          1,
          null,
          1,
          1,
          1,
          null,
          1,
          1,
          null,
          null,
          1,
          1,
          null,
          null,
          1,
          null,
          null,
          null,
          null,
          null,
          0,
          null,
          null,
          null,
          0,
          0,
          null
        ]
      },
      "/mnt/c/Users/henri/.vscode/Visual Studio Code/Desafios/librarails/library-app/app/controllers/people_controller.rb": {
        "lines": [
          1,
          1,
          1,
          null,
          null,
          null,
          1,
          1,
          1,
          null,
          null,
          null,
          null,
          null,
          null,
          1,
          1,
          null,
          null,
          null,
          null,
          1,
          2,
          null,
          2,
          1,
          null,
          1,
          null,
          null,
          null,
          null,
          null,
          1,
          1,
          1,
          null,
          0,
          null,
          null,
          null,
          null,
          null,
          1,
          null,
          null,
          2,
          1,
          null,
          1,
          null,
          null,
          null,
          1,
          null,
          1,
          4,
          null,
          0,
          null,
          null,
          1,
          null,
          3,
          null
        ]
      },
      "/mnt/c/Users/henri/.vscode/Visual Studio Code/Desafios/librarails/library-app/app/controllers/users_controller.rb": {
        "lines": [
          1,
          null,
          1,
          null,
          1,
          4,
          null,
          4,
          1,
          null,
          3,
          null,
          null,
          null,
          1,
          0,
          null,
          null,
          1,
          null,
          1,
          4,
          null,
          null
        ]
      },
      "/mnt/c/Users/henri/.vscode/Visual Studio Code/Desafios/librarails/library-app/app/jobs/application_job.rb": {
        "lines": [
          0,
          null,
          null,
          null,
          null,
          null,
          0
        ],
        "branches": {}
      },
      "/mnt/c/Users/henri/.vscode/Visual Studio Code/Desafios/librarails/library-app/app/mailers/application_mailer.rb": {
        "lines": [
          0,
          0,
          0,
          0
        ],
        "branches": {}
      }
    },
    "timestamp": 1761146752
  }
}
