{
  "RSpec": {
    "coverage": {
      "/mnt/c/Users/henri/.vscode/Visual Studio Code/Desafios/librarails/library-app/app/helpers/application_helper.rb": {
        "lines": [
          1,
          null
        ]
      },
      "/mnt/c/Users/henri/.vscode/Visual Studio Code/Desafios/librarails/library-app/app/helpers/authentication_helper.rb": {
        "lines": [
          1,
          null
        ]
      },
      "/mnt/c/Users/henri/.vscode/Visual Studio Code/Desafios/librarails/library-app/app/helpers/institutions_helper.rb": {
        "lines": [
          1,
          null
        ]
      },
      "/mnt/c/Users/henri/.vscode/Visual Studio Code/Desafios/librarails/library-app/app/helpers/materials_helper.rb": {
        "lines": [
          1,
          null
        ]
      },
      "/mnt/c/Users/henri/.vscode/Visual Studio Code/Desafios/librarails/library-app/app/helpers/people_helper.rb": {
        "lines": [
          1,
          null
        ]
      },
      "/mnt/c/Users/henri/.vscode/Visual Studio Code/Desafios/librarails/library-app/app/helpers/users_helper.rb": {
        "lines": [
          1,
          null
        ]
      },
      "/mnt/c/Users/henri/.vscode/Visual Studio Code/Desafios/librarails/library-app/app/models/article.rb": {
        "lines": [
          1,
          null,
          1,
          null,
          1,
          null,
          null,
          null
        ]
      },
      "/mnt/c/Users/henri/.vscode/Visual Studio Code/Desafios/librarails/library-app/app/models/material.rb": {
        "lines": [
          1,
          1,
          1,
          null,
          1,
          null,
          null,
          null,
          null,
          null,
          null,
          1,
          1,
          1,
          1,
          1
        ]
      },
      "/mnt/c/Users/henri/.vscode/Visual Studio Code/Desafios/librarails/library-app/app/models/application_record.rb": {
        "lines": [
          1,
          1,
          null
        ]
      },
      "/mnt/c/Users/henri/.vscode/Visual Studio Code/Desafios/librarails/library-app/app/models/book.rb": {
        "lines": [
          1,
          1,
          null,
          null,
          null,
          null,
          null,
          1,
          null,
          null,
          null
        ]
      },
      "/mnt/c/Users/henri/.vscode/Visual Studio Code/Desafios/librarails/library-app/app/models/institution.rb": {
        "lines": [
          1,
          1,
          null,
          1,
          1,
          null
        ]
      },
      "/mnt/c/Users/henri/.vscode/Visual Studio Code/Desafios/librarails/library-app/app/models/person.rb": {
        "lines": [
          1,
          null,
          null,
          null,
          1,
          null,
          null,
          1,
          1,
          1,
          null,
          1,
          null,
          1,
          71,
          1,
          null,
          null
        ]
      },
      "/mnt/c/Users/henri/.vscode/Visual Studio Code/Desafios/librarails/library-app/app/models/user.rb": {
        "lines": [
          1,
          1,
          null,
          1,
          null,
          1,
          241
        ]
      },
      "/mnt/c/Users/henri/.vscode/Visual Studio Code/Desafios/librarails/library-app/app/models/video.rb": {
        "lines": [
          1,
          1,
          null,
          null
        ]
      },
      "/mnt/c/Users/henri/.vscode/Visual Studio Code/Desafios/librarails/library-app/app/controllers/authentication_controller.rb": {
        "lines": [
          1,
          1,
          null,
          1,
          3,
          null,
          3,
          null,
          1,
          null,
          null,
          1,
          null,
          null,
          null,
          1,
          null,
          1,
          null,
          2,
          null,
          null,
          null
        ]
      },
      "/mnt/c/Users/henri/.vscode/Visual Studio Code/Desafios/librarails/library-app/app/controllers/application_controller.rb": {
        "lines": [
          1,
          null,
          null,
          null,
          null,
          1,
          null,
          1,
          null,
          1,
          null,
          1,
          null,
          1,
          34,
          null,
          null,
          34,
          null,
          null,
          34,
          null,
          34,
          null,
          25,
          null,
          null,
          9,
          null,
          null,
          null
        ]
      },
      "/mnt/c/Users/henri/.vscode/Visual Studio Code/Desafios/librarails/library-app/app/controllers/institutions_controller.rb": {
        "lines": [
          1,
          null,
          1,
          null,
          null,
          1,
          null,
          null,
          null,
          1,
          1,
          1,
          null,
          null,
          null,
          null,
          null,
          null,
          1,
          1,
          null,
          null,
          null,
          null,
          1,
          2,
          null,
          2,
          1,
          null,
          1,
          null,
          null,
          null,
          null,
          null,
          1,
          1,
          1,
          null,
          0,
          null,
          null,
          null,
          null,
          null,
          1,
          2,
          1,
          null,
          1,
          null,
          null,
          null,
          1,
          null,
          1,
          4,
          null,
          0,
          null,
          null,
          1,
          null,
          3,
          null
        ]
      },
      "/mnt/c/Users/henri/.vscode/Visual Studio Code/Desafios/librarails/library-app/app/controllers/materials_controller.rb": {
        "lines": [
          1,
          null,
          null,
          1,
          null,
          null,
          1,
          null,
          null,
          1,
          null,
          null,
          1,
          null,
          3,
          2,
          null,
          1,
          null,
          null,
          3,
          null,
          null,
          null,
          null,
          null,
          null,
          1,
          null,
          6,
          null,
          null,
          6,
          3,
          null,
          3,
          1,
          null,
          null,
          null,
          2,
          1,
          null,
          null,
          1,
          null,
          null,
          null,
          5,
          1,
          null,
          4,
          null,
          null,
          5,
          null,
          null,
          null,
          null,
          null,
          null,
          1,
          null,
          1,
          null,
          null,
          null,
          null,
          1,
          null,
          3,
          null,
          null,
          3,
          null,
          2,
          1,
          null,
          null,
          1,
          1,
          1,
          null,
          null,
          null,
          null,
          null,
          3,
          null,
          null,
          3,
          3,
          null,
          0,
          null,
          null,
          null,
          null,
          1,
          null,
          null,
          1,
          1,
          null,
          0,
          null,
          null,
          null,
          null,
          1,
          null,
          null,
          1,
          1,
          null,
          null,
          null,
          null,
          1,
          null,
          3,
          null,
          1,
          1,
          null,
          0,
          null,
          null,
          1,
          1,
          null,
          0,
          null,
          null,
          1,
          null,
          null,
          null,
          null,
          1,
          3,
          null,
          1,
          1,
          null,
          0,
          null,
          null,
          1,
          1,
          null,
          0,
          null,
          null,
          1,
          null,
          null,
          null,
          null,
          1,
          null,
          null,
          1,
          null,
          4,
          null,
          null,
          null,
          null,
          null,
          null,
          null,
          null,
          1,
          13,
          null,
          0,
          null,
          null,
          null,
          1,
          12,
          4,
          null,
          null
        ]
      },
      "/mnt/c/Users/henri/.vscode/Visual Studio Code/Desafios/librarails/library-app/app/services/open_library_service.rb": {
        "lines": [
          1,
          null,
          1,
          1,
          1,
          null,
          1,
          1,
          null,
          null,
          1,
          1,
          null,
          null,
          1,
          null,
          null,
          null,
          null,
          null,
          0,
          null,
          null,
          null,
          0,
          0,
          null
        ]
      },
      "/mnt/c/Users/henri/.vscode/Visual Studio Code/Desafios/librarails/library-app/app/controllers/people_controller.rb": {
        "lines": [
          1,
          1,
          1,
          null,
          null,
          null,
          1,
          1,
          1,
          null,
          null,
          null,
          null,
          null,
          null,
          1,
          1,
          null,
          null,
          null,
          null,
          1,
          2,
          null,
          2,
          1,
          null,
          1,
          null,
          null,
          null,
          null,
          null,
          1,
          1,
          1,
          null,
          0,
          null,
          null,
          null,
          null,
          null,
          1,
          null,
          null,
          2,
          1,
          null,
          1,
          null,
          null,
          null,
          1,
          null,
          1,
          4,
          null,
          0,
          null,
          null,
          1,
          null,
          3,
          null
        ]
      },
      "/mnt/c/Users/henri/.vscode/Visual Studio Code/Desafios/librarails/library-app/app/controllers/users_controller.rb": {
        "lines": [
          1,
          null,
          1,
          null,
          1,
          4,
          null,
          4,
          1,
          null,
          3,
          null,
          null,
          null,
          1,
          0,
          null,
          null,
          1,
          null,
          1,
          4,
          null,
          null
        ]
      },
      "/mnt/c/Users/henri/.vscode/Visual Studio Code/Desafios/librarails/library-app/app/controllers/graphql_controller.rb": {
        "lines": [
          null,
          null,
          0,
          null,
          null,
          null,
          null,
          null,
          0,
          0,
          0,
          0,
          0,
          null,
          null,
          0,
          0,
          0,
          0,
          0,
          0,
          0,
          null,
          0,
          null,
          null,
          0,
          0,
          0,
          0,
          0,
          0,
          0,
          0,
          0,
          0,
          0,
          0,
          0,
          0,
          0,
          0,
          0,
          0,
          null,
          0,
          0,
          0,
          null,
          0,
          0,
          0
        ],
        "branches": {}
      },
      "/mnt/c/Users/henri/.vscode/Visual Studio Code/Desafios/librarails/library-app/app/graphql/library_app_schema.rb": {
        "lines": [
          null,
          null,
          0,
          0,
          0,
          null,
          null,
          0,
          null,
          null,
          0,
          null,
          null,
          null,
          null,
          0,
          0,
          null,
          null,
          0,
          null,
          null,
          0,
          0,
          null,
          null,
          0,
          null,
          null,
          0,
          null,
          null,
          null,
          null,
          0,
          null,
          0,
          0,
          null,
          null,
          0,
          null,
          0,
          0,
          0
        ],
        "branches": {}
      },
      "/mnt/c/Users/henri/.vscode/Visual Studio Code/Desafios/librarails/library-app/app/graphql/mutations/base_mutation.rb": {
        "lines": [
          null,
          null,
          0,
          0,
          0,
          0,
          0,
          0,
          0,
          0
        ],
        "branches": {}
      },
      "/mnt/c/Users/henri/.vscode/Visual Studio Code/Desafios/librarails/library-app/app/graphql/resolvers/base_resolver.rb": {
        "lines": [
          null,
          null,
          0,
          0,
          0,
          0
        ],
        "branches": {}
      },
      "/mnt/c/Users/henri/.vscode/Visual Studio Code/Desafios/librarails/library-app/app/graphql/types/author_type.rb": {
        "lines": [
          null,
          null,
          0,
          0,
          0,
          0,
          null,
          0,
          0,
          0,
          0,
          0,
          0,
          0,
          0,
          0,
          0,
          0,
          0
        ],
        "branches": {}
      },
      "/mnt/c/Users/henri/.vscode/Visual Studio Code/Desafios/librarails/library-app/app/graphql/types/base_argument.rb": {
        "lines": [
          null,
          null,
          0,
          0,
          0,
          0
        ],
        "branches": {}
      },
      "/mnt/c/Users/henri/.vscode/Visual Studio Code/Desafios/librarails/library-app/app/graphql/types/base_connection.rb": {
        "lines": [
          null,
          null,
          0,
          0,
          null,
          0,
          0,
          0
        ],
        "branches": {}
      },
      "/mnt/c/Users/henri/.vscode/Visual Studio Code/Desafios/librarails/library-app/app/graphql/types/base_edge.rb": {
        "lines": [
          null,
          null,
          0,
          0,
          null,
          0,
          0,
          0
        ],
        "branches": {}
      },
      "/mnt/c/Users/henri/.vscode/Visual Studio Code/Desafios/librarails/library-app/app/graphql/types/base_enum.rb": {
        "lines": [
          null,
          null,
          0,
          0,
          0,
          0
        ],
        "branches": {}
      },
      "/mnt/c/Users/henri/.vscode/Visual Studio Code/Desafios/librarails/library-app/app/graphql/types/base_field.rb": {
        "lines": [
          null,
          null,
          0,
          0,
          0,
          0,
          0
        ],
        "branches": {}
      },
      "/mnt/c/Users/henri/.vscode/Visual Studio Code/Desafios/librarails/library-app/app/graphql/types/base_input_object.rb": {
        "lines": [
          null,
          null,
          0,
          0,
          0,
          0,
          0
        ],
        "branches": {}
      },
      "/mnt/c/Users/henri/.vscode/Visual Studio Code/Desafios/librarails/library-app/app/graphql/types/base_interface.rb": {
        "lines": [
          null,
          null,
          0,
          0,
          0,
          0,
          0,
          null,
          0,
          0,
          0
        ],
        "branches": {}
      },
      "/mnt/c/Users/henri/.vscode/Visual Studio Code/Desafios/librarails/library-app/app/graphql/types/base_object.rb": {
        "lines": [
          null,
          null,
          0,
          0,
          0,
          0,
          0,
          0,
          0
        ],
        "branches": {}
      },
      "/mnt/c/Users/henri/.vscode/Visual Studio Code/Desafios/librarails/library-app/app/graphql/types/base_scalar.rb": {
        "lines": [
          null,
          null,
          0,
          0,
          0,
          0
        ],
        "branches": {}
      },
      "/mnt/c/Users/henri/.vscode/Visual Studio Code/Desafios/librarails/library-app/app/graphql/types/base_union.rb": {
        "lines": [
          null,
          null,
          0,
          0,
          0,
          0,
          0,
          0
        ],
        "branches": {}
      },
      "/mnt/c/Users/henri/.vscode/Visual Studio Code/Desafios/librarails/library-app/app/graphql/types/institution_type.rb": {
        "lines": [
          null,
          null,
          0,
          0,
          0,
          0,
          0,
          0,
          0,
          0,
          0
        ],
        "branches": {}
      },
      "/mnt/c/Users/henri/.vscode/Visual Studio Code/Desafios/librarails/library-app/app/graphql/types/material_type.rb": {
        "lines": [
          null,
          null,
          0,
          0,
          0,
          0,
          0,
          0,
          0,
          0,
          0,
          0,
          0,
          0,
          0,
          0,
          0,
          0,
          0
        ],
        "branches": {}
      },
      "/mnt/c/Users/henri/.vscode/Visual Studio Code/Desafios/librarails/library-app/app/graphql/types/mutation_type.rb": {
        "lines": [
          null,
          null,
          0,
          0,
          null,
          0,
          0,
          0,
          0,
          0,
          0,
          0
        ],
        "branches": {}
      },
      "/mnt/c/Users/henri/.vscode/Visual Studio Code/Desafios/librarails/library-app/app/graphql/types/node_type.rb": {
        "lines": [
          null,
          null,
          0,
          0,
          0,
          null,
          0,
          0,
          0
        ],
        "branches": {}
      },
      "/mnt/c/Users/henri/.vscode/Visual Studio Code/Desafios/librarails/library-app/app/graphql/types/person_type.rb": {
        "lines": [
          null,
          null,
          0,
          0,
          0,
          0,
          0,
          0,
          0,
          0,
          0
        ],
        "branches": {}
      },
      "/mnt/c/Users/henri/.vscode/Visual Studio Code/Desafios/librarails/library-app/app/graphql/types/query_type.rb": {
        "lines": [
          null,
          null,
          0,
          0,
          0,
          0,
          0,
          null,
          0,
          0,
          0,
          null,
          0,
          0,
          0,
          null,
          0,
          0,
          0,
          null,
          null,
          null,
          null,
          null,
          0,
          0,
          0,
          null,
          null,
          0,
          null,
          0,
          0,
          null,
          null,
          0,
          0,
          0,
          0,
          null,
          null,
          0,
          0,
          0,
          null,
          null,
          null,
          null,
          0,
          0,
          0,
          0,
          null,
          0,
          0,
          0,
          null,
          0,
          0,
          0,
          0,
          null,
          0,
          0,
          0,
          null,
          null,
          0,
          0
        ],
        "branches": {}
      },
      "/mnt/c/Users/henri/.vscode/Visual Studio Code/Desafios/librarails/library-app/app/jobs/application_job.rb": {
        "lines": [
          0,
          null,
          null,
          null,
          null,
          null,
          0
        ],
        "branches": {}
      },
      "/mnt/c/Users/henri/.vscode/Visual Studio Code/Desafios/librarails/library-app/app/mailers/application_mailer.rb": {
        "lines": [
          0,
          0,
          0,
          0
        ],
        "branches": {}
      }
    },
    "timestamp": 1761248801
  }
}
